This is pdfTeX, Version 3.1415926-2.3-1.40.12 (MiKTeX 2.9) (preloaded format=pdflatex 2024.4.18)  18 APR 2024 19:32
entering extended mode
**template
(d:\Users\16587\OneDrive\zp\postgraduate_code\latex_note\document_template_cn\template.tex
LaTeX2e <2011/06/27>
Babel <v3.8m> and hyphenation patterns for loaded.
("D:\Program Files (x86)\Ctex\MiKTeX\tex\latex\base\article.cls"
Document Class: article 2007/10/19 v1.4h Standard LaTeX document class
("D:\Program Files (x86)\Ctex\MiKTeX\tex\latex\base\size12.clo"
File: size12.clo 2007/10/19 v1.4h Standard LaTeX file (size option)
)
\c@part=\count79
\c@section=\count80
\c@subsection=\count81
\c@subsubsection=\count82
\c@paragraph=\count83
\c@subparagraph=\count84
\c@figure=\count85
\c@table=\count86
\abovecaptionskip=\skip41
\belowcaptionskip=\skip42
\bibindent=\dimen102
) ("D:\Program Files (x86)\Ctex\MiKTeX\tex\latex\cjk\CJK.sty"
Package: CJK 2008/12/29 4.8.2
 ("D:\Program Files (x86)\Ctex\MiKTeX\tex\latex\cjk\mule\MULEenc.sty"
Package: MULEenc 2008/12/29 4.8.2
) ("D:\Program Files (x86)\Ctex\MiKTeX\tex\latex\cjk\CJK.enc"
File: CJK.enc 2008/12/29 4.8.2
)
LaTeX Info: Redefining \selectfont on input line 756.
\CJK@indent=\box26
) ("D:\Program Files (x86)\Ctex\MiKTeX\tex\latex\base\fontenc.sty"
Package: fontenc 2005/09/27 v1.99g Standard LaTeX package
 ("D:\Program Files (x86)\Ctex\MiKTeX\tex\latex\base\t1enc.def"
File: t1enc.def 2005/09/27 v1.99g Standard LaTeX file
LaTeX Font Info:    Redeclaring font encoding T1 on input line 43.
)) ("D:\Program Files (x86)\Ctex\MiKTeX\tex\generic\path\path.sty"
This is path.sty, Version 3.05 <7-Apr-2011>
\c@tcode=\count87
\c@unter=\count88
) ("D:\Program Files (x86)\Ctex\MiKTeX\tex\latex\dstroke\dsfont.sty"
Package: dsfont 1995/08/01 v0.1 Double stroke roman fonts
) ("D:\Program Files (x86)\Ctex\MiKTeX\tex\latex\tools\bm.sty"
Package: bm 2004/02/26 v1.1c Bold Symbol Support (DPC/FMi)
\symboldoperators=\mathgroup4
\symboldletters=\mathgroup5
\symboldsymbols=\mathgroup6
LaTeX Font Info:    Redeclaring math alphabet \mathbf on input line 138.
LaTeX Info: Redefining \bm on input line 204.
) ("D:\Program Files (x86)\Ctex\MiKTeX\tex\latex\ams\math\amsmath.sty"
Package: amsmath 2000/07/18 v2.13 AMS math features
\@mathmargin=\skip43

For additional information on amsmath, use the `?' option.
("D:\Program Files (x86)\Ctex\MiKTeX\tex\latex\ams\math\amstext.sty"
Package: amstext 2000/06/29 v2.01
 ("D:\Program Files (x86)\Ctex\MiKTeX\tex\latex\ams\math\amsgen.sty"
File: amsgen.sty 1999/11/30 v2.0
\@emptytoks=\toks14
\ex@=\dimen103
)) ("D:\Program Files (x86)\Ctex\MiKTeX\tex\latex\ams\math\amsbsy.sty"
Package: amsbsy 1999/11/29 v1.2d
LaTeX Info: Redefining \boldsymbol on input line 54.
\pmbraise@=\dimen104
) ("D:\Program Files (x86)\Ctex\MiKTeX\tex\latex\ams\math\amsopn.sty"
Package: amsopn 1999/12/14 v2.01 operator names
)
\inf@bad=\count89
LaTeX Info: Redefining \frac on input line 211.
\uproot@=\count90
\leftroot@=\count91
LaTeX Info: Redefining \overline on input line 307.
\classnum@=\count92
\DOTSCASE@=\count93
LaTeX Info: Redefining \ldots on input line 379.
LaTeX Info: Redefining \dots on input line 382.
LaTeX Info: Redefining \cdots on input line 467.
\Mathstrutbox@=\box27
\strutbox@=\box28
\big@size=\dimen105
LaTeX Font Info:    Redeclaring font encoding OML on input line 567.
LaTeX Font Info:    Redeclaring font encoding OMS on input line 568.
\macc@depth=\count94
\c@MaxMatrixCols=\count95
\dotsspace@=\muskip10
\c@parentequation=\count96
\dspbrk@lvl=\count97
\tag@help=\toks15
\row@=\count98
\column@=\count99
\maxfields@=\count100
\andhelp@=\toks16
\eqnshift@=\dimen106
\alignsep@=\dimen107
\tagshift@=\dimen108
\tagwidth@=\dimen109
\totwidth@=\dimen110
\lineht@=\dimen111
\@envbody=\toks17
\multlinegap=\skip44
\multlinetaggap=\skip45
\mathdisplay@stack=\toks18
LaTeX Info: Redefining \[ on input line 2666.
LaTeX Info: Redefining \] on input line 2667.
) ("D:\Program Files (x86)\Ctex\MiKTeX\tex\latex\ams\classes\amsthm.sty"
Package: amsthm 2004/08/06 v2.20
\thm@style=\toks19
\thm@bodyfont=\toks20
\thm@headfont=\toks21
\thm@notefont=\toks22
\thm@headpunct=\toks23
\thm@preskip=\skip46
\thm@postskip=\skip47
\thm@headsep=\skip48
\dth@everypar=\toks24
) ("D:\Program Files (x86)\Ctex\MiKTeX\tex\latex\graphics\color.sty"
Package: color 2005/11/14 v1.0j Standard LaTeX Color (DPC)
 ("D:\Program Files (x86)\Ctex\MiKTeX\tex\latex\00miktex\color.cfg"
File: color.cfg 2007/01/18 v1.5 color configuration of teTeX/TeXLive
)
Package color Info: Driver file: pdftex.def on input line 130.
 ("D:\Program Files (x86)\Ctex\MiKTeX\tex\latex\pdftex-def\pdftex.def"
File: pdftex.def 2011/05/27 v0.06d Graphics/color for pdfTeX
 ("D:\Program Files (x86)\Ctex\MiKTeX\tex\generic\oberdiek\infwarerr.sty"
Package: infwarerr 2010/04/08 v1.3 Providing info/warning/message (HO)
) ("D:\Program Files (x86)\Ctex\MiKTeX\tex\generic\oberdiek\ltxcmds.sty"
Package: ltxcmds 2011/04/18 v1.20 LaTeX kernel commands for general use (HO)
)
\Gread@gobject=\count101
)) ("D:\Program Files (x86)\Ctex\MiKTeX\tex\latex\graphics\graphicx.sty"
Package: graphicx 1999/02/16 v1.0f Enhanced LaTeX Graphics (DPC,SPQR)
 ("D:\Program Files (x86)\Ctex\MiKTeX\tex\latex\graphics\keyval.sty"
Package: keyval 1999/03/16 v1.13 key=value parser (DPC)
\KV@toks@=\toks25
) ("D:\Program Files (x86)\Ctex\MiKTeX\tex\latex\graphics\graphics.sty"
Package: graphics 2009/02/05 v1.0o Standard LaTeX Graphics (DPC,SPQR)
 ("D:\Program Files (x86)\Ctex\MiKTeX\tex\latex\graphics\trig.sty"
Package: trig 1999/03/16 v1.09 sin cos tan (DPC)
) ("D:\Program Files (x86)\Ctex\MiKTeX\tex\latex\00miktex\graphics.cfg"
File: graphics.cfg 2007/01/18 v1.5 graphics configuration of teTeX/TeXLive
)
Package graphics Info: Driver file: pdftex.def on input line 91.
)
\Gin@req@height=\dimen112
\Gin@req@width=\dimen113
) ("D:\Program Files (x86)\Ctex\MiKTeX\tex\latex\algorithms\algorithm.sty"
Package: algorithm 2009/08/24 v0.1 Document Style `algorithm' - floating environment
 ("D:\Program Files (x86)\Ctex\MiKTeX\tex\latex\float\float.sty"
Package: float 2001/11/08 v1.3d Float enhancements (AL)
\c@float@type=\count102
\float@exts=\toks26
\float@box=\box29
\@float@everytoks=\toks27
\@floatcapt=\box30
) ("D:\Program Files (x86)\Ctex\MiKTeX\tex\latex\base\ifthen.sty"
Package: ifthen 2001/05/26 v1.1c Standard LaTeX ifthen package (DPC)
)
\@float@every@algorithm=\toks28
\c@algorithm=\count103
) ("D:\Program Files (x86)\Ctex\MiKTeX\tex\latex\algorithms\algorithmic.sty"
Package: algorithmic 2009/08/24 v0.1 Document Style `algorithmic'
\c@ALC@unique=\count104
\c@ALC@line=\count105
\c@ALC@rem=\count106
\c@ALC@depth=\count107
\ALC@tlm=\skip49
\algorithmicindent=\skip50
) ("D:\Program Files (x86)\Ctex\MiKTeX\tex\latex\geometry\geometry.sty"
Package: geometry 2010/09/12 v5.6 Page Geometry
 ("D:\Program Files (x86)\Ctex\MiKTeX\tex\generic\oberdiek\ifpdf.sty"
Package: ifpdf 2011/01/30 v2.3 Provides the ifpdf switch (HO)
Package ifpdf Info: pdfTeX in PDF mode is detected.
) ("D:\Program Files (x86)\Ctex\MiKTeX\tex\generic\oberdiek\ifvtex.sty"
Package: ifvtex 2010/03/01 v1.5 Switches for detecting VTeX and its modes (HO)
Package ifvtex Info: VTeX not detected.
) ("D:\Program Files (x86)\Ctex\MiKTeX\tex\generic\ifxetex\ifxetex.sty"
Package: ifxetex 2010/09/12 v0.6 Provides ifxetex conditional
)
\Gm@cnth=\count108
\Gm@cntv=\count109
\c@Gm@tempcnt=\count110
\Gm@bindingoffset=\dimen114
\Gm@wd@mp=\dimen115
\Gm@odd@mp=\dimen116
\Gm@even@mp=\dimen117
\Gm@layoutwidth=\dimen118
\Gm@layoutheight=\dimen119
\Gm@layouthoffset=\dimen120
\Gm@layoutvoffset=\dimen121
\Gm@dimlist=\toks29
 ("D:\Program Files (x86)\Ctex\MiKTeX\tex\latex\geometry\geometry.cfg"))

LaTeX Warning: Unused global option(s):
    [cjk].

(d:\Users\16587\OneDrive\zp\postgraduate_code\latex_note\document_template_cn\template.aux)
LaTeX Font Info:    Checking defaults for OML/cmm/m/it on input line 20.
LaTeX Font Info:    ... okay on input line 20.
LaTeX Font Info:    Checking defaults for T1/cmr/m/n on input line 20.
LaTeX Font Info:    ... okay on input line 20.
LaTeX Font Info:    Checking defaults for OT1/cmr/m/n on input line 20.
LaTeX Font Info:    ... okay on input line 20.
LaTeX Font Info:    Checking defaults for OMS/cmsy/m/n on input line 20.
LaTeX Font Info:    ... okay on input line 20.
LaTeX Font Info:    Checking defaults for OMX/cmex/m/n on input line 20.
LaTeX Font Info:    ... okay on input line 20.
LaTeX Font Info:    Checking defaults for U/cmr/m/n on input line 20.
LaTeX Font Info:    ... okay on input line 20.
LaTeX Font Info:    Checking defaults for C00/song/m/n on input line 20.
LaTeX Font Info:    ... okay on input line 20.
LaTeX Font Info:    Checking defaults for C05/song/m/n on input line 20.
LaTeX Font Info:    ... okay on input line 20.
LaTeX Font Info:    Checking defaults for C09/song/m/n on input line 20.
LaTeX Font Info:    ... okay on input line 20.
LaTeX Font Info:    Checking defaults for C10/song/m/n on input line 20.
LaTeX Font Info:    ... okay on input line 20.
LaTeX Font Info:    Checking defaults for C20/song/m/n on input line 20.
LaTeX Font Info:    ... okay on input line 20.
LaTeX Font Info:    Checking defaults for C19/song/m/n on input line 20.
LaTeX Font Info:    ... okay on input line 20.
LaTeX Font Info:    Checking defaults for C40/song/m/n on input line 20.
LaTeX Font Info:    ... okay on input line 20.
LaTeX Font Info:    Checking defaults for C42/song/m/n on input line 20.
LaTeX Font Info:    ... okay on input line 20.
LaTeX Font Info:    Checking defaults for C43/song/m/n on input line 20.
LaTeX Font Info:    ... okay on input line 20.
LaTeX Font Info:    Checking defaults for C50/song/m/n on input line 20.
LaTeX Font Info:    ... okay on input line 20.
LaTeX Font Info:    Checking defaults for C52/song/m/n on input line 20.
LaTeX Font Info:    ... okay on input line 20.
LaTeX Font Info:    Checking defaults for C49/song/m/n on input line 20.
LaTeX Font Info:    ... okay on input line 20.
LaTeX Font Info:    Checking defaults for C60/mj/m/n on input line 20.
LaTeX Font Info:    ... okay on input line 20.
LaTeX Font Info:    Checking defaults for C61/mj/m/n on input line 20.
LaTeX Font Info:    ... okay on input line 20.
LaTeX Font Info:    Checking defaults for C63/mj/m/n on input line 20.
LaTeX Font Info:    ... okay on input line 20.
LaTeX Font Info:    Checking defaults for C64/mj/m/n on input line 20.
LaTeX Font Info:    ... okay on input line 20.
LaTeX Font Info:    Checking defaults for C65/mj/m/n on input line 20.
LaTeX Font Info:    ... okay on input line 20.
LaTeX Font Info:    Checking defaults for C70/song/m/n on input line 20.
LaTeX Font Info:    ... okay on input line 20.
LaTeX Font Info:    Checking defaults for C31/song/m/n on input line 20.
LaTeX Font Info:    ... okay on input line 20.
LaTeX Font Info:    Checking defaults for C32/song/m/n on input line 20.
LaTeX Font Info:    ... okay on input line 20.
LaTeX Font Info:    Checking defaults for C33/song/m/n on input line 20.
LaTeX Font Info:    ... okay on input line 20.
LaTeX Font Info:    Checking defaults for C34/song/m/n on input line 20.
LaTeX Font Info:    ... okay on input line 20.
LaTeX Font Info:    Checking defaults for C35/song/m/n on input line 20.
LaTeX Font Info:    ... okay on input line 20.
LaTeX Font Info:    Checking defaults for C36/song/m/n on input line 20.
LaTeX Font Info:    ... okay on input line 20.
LaTeX Font Info:    Checking defaults for C37/song/m/n on input line 20.
LaTeX Font Info:    ... okay on input line 20.
LaTeX Font Info:    Checking defaults for C80/song/m/n on input line 20.
LaTeX Font Info:    ... okay on input line 20.
LaTeX Font Info:    Checking defaults for C81/song/m/n on input line 20.
LaTeX Font Info:    ... okay on input line 20.
LaTeX Font Info:    Checking defaults for C01/song/m/n on input line 20.
LaTeX Font Info:    ... okay on input line 20.
LaTeX Font Info:    Checking defaults for C11/song/m/n on input line 20.
LaTeX Font Info:    ... okay on input line 20.
LaTeX Font Info:    Checking defaults for C21/song/m/n on input line 20.
LaTeX Font Info:    ... okay on input line 20.
LaTeX Font Info:    Checking defaults for C41/song/m/n on input line 20.
LaTeX Font Info:    ... okay on input line 20.
LaTeX Font Info:    Checking defaults for C62/song/m/n on input line 20.
LaTeX Font Info:    ... okay on input line 20.
 ("D:\Program Files (x86)\Ctex\MiKTeX\tex\context\base\supp-pdf.mkii"
[Loading MPS to PDF converter (version 2006.09.02).]
\scratchcounter=\count111
\scratchdimen=\dimen122
\scratchbox=\box31
\nofMPsegments=\count112
\nofMParguments=\count113
\everyMPshowfont=\toks30
\MPscratchCnt=\count114
\MPscratchDim=\dimen123
\MPnumerator=\count115
\makeMPintoPDFobject=\count116
\everyMPtoPDFconversion=\toks31
)
*geometry* detected driver: dvips
*geometry* verbose mode - [ preamble ] result:
* driver: dvips
* paper: a4paper
* layout: <same size as paper>
* layoutoffset:(h,v)=(0.0pt,0.0pt)
* modes: 
* h-part:(L,W,R)=(56.9055pt, 483.69687pt, 56.9055pt)
* v-part:(T,H,B)=(56.9055pt, 702.78308pt, 85.35826pt)
* \paperwidth=597.50787pt
* \paperheight=845.04684pt
* \textwidth=483.69687pt
* \textheight=702.78308pt
* \oddsidemargin=-15.36449pt
* \evensidemargin=-15.36449pt
* \topmargin=-52.36449pt
* \headheight=12.0pt
* \headsep=25.0pt
* \topskip=12.0pt
* \footskip=28.45274pt
* \marginparwidth=35.0pt
* \marginparsep=10.0pt
* \columnsep=10.0pt
* \skip\footins=10.8pt plus 4.0pt minus 2.0pt
* \hoffset=0.0pt
* \voffset=0.0pt
* \mag=1000
* \@twocolumnfalse
* \@twosidefalse
* \@mparswitchfalse
* \@reversemarginfalse
* (1in=72.27pt=25.4mm, 1cm=28.453pt)

("D:\Program Files (x86)\Ctex\MiKTeX\tex\latex\cjk\standard.bdg"
File: standard.bdg 2008/12/29 4.8.2
) ("D:\Program Files (x86)\Ctex\MiKTeX\tex\latex\cjk\extended.enc"
File: extended.enc 2008/12/29 4.8.2
) ("D:\Program Files (x86)\Ctex\MiKTeX\tex\latex\cjk\extended.chr"
File: extended.chr 2008/12/29 4.8.2
)
LaTeX Font Info:    Try loading font information for C19+hei on input line 28.
 ("D:\Program Files (x86)\Ctex\CTeX\tex\latex\CJK\GB\c19hei.fd"
File: c19hei.fd 2009/09/23 4.8.2
)
LaTeX Font Info:    Try loading font information for C19+song on input line 28.
 ("D:\Program Files (x86)\Ctex\CTeX\tex\latex\CJK\GB\c19song.fd"
File: c19song.fd 2009/09/23 4.8.2
)
LaTeX Font Info:    Try loading font information for C19+kai on input line 31.
 ("D:\Program Files (x86)\Ctex\CTeX\tex\latex\CJK\GB\c19kai.fd"
File: c19kai.fd 2009/09/23 4.8.2
)
LaTeX Font Info:    Try loading font information for T1+cmtt on input line 36.
 ("D:\Program Files (x86)\Ctex\MiKTeX\tex\latex\base\t1cmtt.fd"
File: t1cmtt.fd 1999/05/25 v2.5h Standard LaTeX font definitions
)
\c@Thm=\count117
LaTeX Font Info:    Try loading font information for U+dsrom on input line 91.
 ("D:\Program Files (x86)\Ctex\MiKTeX\tex\latex\dstroke\udsrom.fd"
File: Udsrom.fd 1995/08/01 v0.1 Double stroke roman font definitions
)
Overfull \hbox (36.03497pt too wide) in paragraph at lines 91--95
\C19/song/m/n/12/59 F \C19/song/m/n/12/48 1 \C19/song/m/n/12/65 i \C19/song/m/n/12/51 1$\OML/cmm/m/it/12 ; ; [] $\C19/song/m/n/12/26 § \C19/song/m/n/12/59 • \C19/song/m/n/12/48 þ \C19/song/m/n/12/62 ^ \C19/song/m/n/12/45 \ \C19/song/m/n/12/39 o \C19/song/m/n/12/40  \C19/song/m/n/12/60   \C19/song/m/n/12/65 i \C19/song/m/n/12/51 1$\OT1/cmr/bx/n/12 a\OML/cmm/m/it/12 ; \OT1/cmr/bx/n/12 b\OML/cmm/m/it/12 ; \OT1/cmr/bx/n/12 c\OML/cmm/m/it/12 ; \OT1/cmr/bx/n/12 x\OML/cmm/m/it/12 ; \OML/cmm/b/it/12 \OML/cmm/m/it/12 ; [] $\C19/song/m/n/12/26 § \C19/song/m/n/12/46 Ý \C19/song/m/n/12/64 
 \C19/song/m/n/12/62 ^ \C19/song/m/n/12/45 \ \C19/song/m/n/12/39 o \C19/song/m/n/12/40  \C19/song/m/n/12/39 Œ \C19/song/m/n/12/60  \C19/song/m/n/12/65 i \C19/song/m/n/12/51 1$\OT1/cmr/bx/n/12 A\OML/cmm/m/it/12 ; \OT1/cmr/bx/n/12 B\OML/cmm/m/it/12 ; \OT1/cmr/bx/n/12 C\OML/cmm/m/it/12 ; \OT1/cmr/bx/n/12 \OML/cmm/m/it/12 ; [] $\C19/song/m/n/12/26 §
 []

[1
Non-PDF special ignored!

{D:/Program Files (x86)/Ctex/UserData/pdftex/config/pdftex.map{Unicode.sfd}{UGBK.sfd}}] (d:\Users\16587\OneDrive\zp\postgraduate_code\latex_note\document_template_cn\template.bbl [2]) [3] (d:\Users\16587\OneDrive\zp\postgraduate_code\latex_note\document_template_cn\template.aux) ) 
Here is how much of TeX's memory you used:
 4783 strings out of 495354
 62924 string characters out of 3182739
 130333 words of memory out of 3000000
 7767 multiletter control sequences out of 15000+200000
 52649 words of font info for 163 fonts, out of 3000000 for 9000
 14 hyphenation exceptions out of 8191
 27i,6n,28p,354b,698s stack positions out of 5000i,500n,10000p,200000b,50000s
{D:/Program Files (x86)/Ctex/MiKTeX/fonts/enc/dvips/cm-super/cm-super-t1.enc}<D:/Program Files (x86)/Ctex/CTeX/fonts/truetype/chinese/simsun.ttf><D:/Program Files (x86)/Ctex/CTeX/fonts/truetype/chinese/simsun.ttf><D:/Program Files (x86)/Ctex/CTeX/fonts/truetype/chinese/simsun.ttf><D:/Program Files (x86)/Ctex/CTeX/fonts/truetype/chinese/simsun.ttf><D:/Program Files (x86)/Ctex/CTeX/fonts/truetype/chinese/simsun.ttf><D:/Program Files (x86)/Ctex/CTeX/fonts/truetype/chinese/simsun.ttf><D:/Program Files (x86)/Ctex/CTeX/fonts/truetype/chinese/simsun.ttf><D:/Program Files (x86)/Ctex/CTeX/fonts/truetype/chinese/simsun.ttf><D:/Program Files (x86)/Ctex/CTeX/fonts/truetype/chinese/simsun.ttf><D:/Program Files (x86)/Ctex/CTeX/fonts/truetype/chinese/simsun.ttf><D:/Program Files (x86)/Ctex/CTeX/fonts/truetype/chinese/simsun.ttf><D:/Program Files (x86)/Ctex/CTeX/fonts/truetype/chinese/simsun.ttf><D:/Program Files (x86)/Ctex/CTeX/fonts/truetype/chinese/simsun.ttf><D:/Program Files (x86)/Ctex/CTeX/fonts/truetype/chinese/simsun.ttf><D:/Program Files (x86)/Ctex/CTeX/fonts/truetype/chinese/simsun.ttf><D:/Program Files (x86)/Ctex/CTeX/fonts/truetype/chinese/simsun.ttf><D:/Program Files (x86)/Ctex/CTeX/fonts/truetype/chinese/simsun.ttf><D:/Program Files (x86)/Ctex/CTeX/fonts/truetype/chinese/simsun.ttf><D:/Program Files (x86)/Ctex/CTeX/fonts/truetype/chinese/simsun.ttf><D:/Program Files (x86)/Ctex/CTeX/fonts/truetype/chinese/simsun.ttf><D:/Program Files (x86)/Ctex/CTeX/fonts/truetype/chinese/simsun.ttf><D:/Program Files (x86)/Ctex/CTeX/fonts/truetype/chinese/simsun.ttf><D:/Program Files (x86)/Ctex/CTeX/fonts/truetype/chinese/simsun.ttf><D:/Program Files (x86)/Ctex/CTeX/fonts/truetype/chinese/simsun.ttf><D:/Program Files (x86)/Ctex/CTeX/fonts/truetype/chinese/simsun.ttf><D:/Program Files (x86)/Ctex/CTeX/fonts/truetype/chinese/simsun.ttf><D:/Program Files (x86)/Ctex/CTeX/fonts/truetype/chinese/simsun.ttf><D:/Program Files (x86)/Ctex/CTeX/fonts/truetype/chinese/simsun.ttf><D:/Program Files (x86)/Ctex/CTeX/fonts/truetype/chinese/simsun.ttf><D:/Program Files (x86)/Ctex/CTeX/fonts/truetype/chinese/simsun.ttf><D:/Program Files (x86)/Ctex/CTeX/fonts/truetype/chinese/simsun.ttf><D:/Program Files (x86)/Ctex/CTeX/fonts/truetype/chinese/simsun.ttf><D:/Program Files (x86)/Ctex/CTeX/fonts/truetype/chinese/simsun.ttf><D:/Program Files (x86)/Ctex/CTeX/fonts/truetype/chinese/simsun.ttf><D:/Program Files (x86)/Ctex/CTeX/fonts/truetype/chinese/simsun.ttf><D:/Program Files (x86)/Ctex/CTeX/fonts/truetype/chinese/simsun.ttf><D:/Program Files (x86)/Ctex/CTeX/fonts/truetype/chinese/simsun.ttf><D:/Program Files (x86)/Ctex/CTeX/fonts/truetype/chinese/simsun.ttf><D:/Program Files (x86)/Ctex/CTeX/fonts/truetype/chinese/simsun.ttf><D:/Program Files (x86)/Ctex/CTeX/fonts/truetype/chinese/simsun.ttf><D:/Program Files (x86)/Ctex/CTeX/fonts/truetype/chinese/simsun.ttf><D:/Program Files (x86)/Ctex/CTeX/fonts/truetype/chinese/simsun.ttf><D:/Program Files (x86)/Ctex/CTeX/fonts/truetype/chinese/simsun.ttf><D:/Program Files (x86)/Ctex/CTeX/fonts/truetype/chinese/simsun.ttf><D:/Program Files (x86)/Ctex/CTeX/fonts/truetype/chinese/simsun.ttf><D:/Program Files (x86)/Ctex/CTeX/fonts/truetype/chinese/simsun.ttf><C:/Windows/Fonts/simkai.ttf><C:/Windows/Fonts/simkai.ttf><C:/Windows/Fonts/simkai.ttf><C:/Windows/Fonts/simkai.ttf><C:/Windows/Fonts/simkai.ttf><C:/Windows/Fonts/simkai.ttf><C:/Windows/Fonts/simkai.ttf><C:/Windows/Fonts/simkai.ttf><C:/Windows/Fonts/simkai.ttf><C:/Windows/Fonts/simkai.ttf><C:/Windows/Fonts/simkai.ttf><C:/Windows/Fonts/simkai.ttf><C:/Windows/Fonts/simkai.ttf><C:/Windows/Fonts/simkai.ttf><C:/Windows/Fonts/simkai.ttf><C:/Windows/Fonts/simkai.ttf><C:/Windows/Fonts/simkai.ttf><C:/Windows/Fonts/simkai.ttf><C:/Windows/Fonts/simkai.ttf><C:/Windows/Fonts/simkai.ttf><C:/Windows/Fonts/simkai.ttf><C:/Windows/Fonts/simkai.ttf><C:/Windows/Fonts/simkai.ttf><C:/Windows/Fonts/simkai.ttf><C:/Windows/Fonts/simkai.ttf><C:/Windows/Fonts/simkai.ttf><C:/Windows/Fonts/simkai.ttf><C:/Windows/Fonts/simkai.ttf><C:/Windows/Fonts/simkai.ttf><C:/Windows/Fonts/simkai.ttf><C:/Windows/Fonts/simkai.ttf><D:/Program Files (x86)/Ctex/CTeX/fonts/truetype/chinese/simsun.ttf><D:/Program Files (x86)/Ctex/CTeX/fonts/truetype/chinese/simsun.ttf><D:/Program Files (x86)/Ctex/CTeX/fonts/truetype/chinese/simsun.ttf><C:/Windows/Fonts/simhei.ttf><C:/Windows/Fonts/simhei.ttf><C:/Windows/Fonts/simhei.ttf><C:/Windows/Fonts/simhei.ttf><C:/Windows/Fonts/simhei.ttf><C:/Windows/Fonts/simhei.ttf><C:/Windows/Fonts/simhei.ttf><D:/Program Files (x86)/Ctex/MiKTeX/fonts/type1/public/amsfonts/cm/cmbx12.pfb><D:/Program Files (x86)/Ctex/MiKTeX/fonts/type1/public/amsfonts/cm/cmbx8.pfb><D:/Program Files (x86)/Ctex/MiKTeX/fonts/type1/public/amsfonts/cm/cmex10.pfb><D:/Program Files (x86)/Ctex/MiKTeX/fonts/type1/public/amsfonts/cm/cmmi12.pfb><D:/Program Files (x86)/Ctex/MiKTeX/fonts/type1/public/amsfonts/cm/cmmi6.pfb><D:/Program Files (x86)/Ctex/MiKTeX/fonts/type1/public/amsfonts/cm/cmmi8.pfb><D:/Program Files (x86)/Ctex/MiKTeX/fonts/type1/public/amsfonts/cm/cmmib10.pfb><D:/Program Files (x86)/Ctex/MiKTeX/fonts/type1/public/amsfonts/cm/cmr12.pfb><D:/Program Files (x86)/Ctex/MiKTeX/fonts/type1/public/amsfonts/cm/cmr8.pfb><D:/Program Files (x86)/Ctex/MiKTeX/fonts/type1/public/amsfonts/cm/cmsy10.pfb><D:/Program Files (x86)/Ctex/MiKTeX/fonts/type1/public/amsfonts/cm/cmsy8.pfb><D:/Program Files (x86)/Ctex/MiKTeX/fonts/type1/public/dstroke/dsrom12.pfb><D:/Program Files (x86)/Ctex/MiKTeX/fonts/type1/public/dstroke/dsrom8.pfb><D:/Program Files (x86)/Ctex/MiKTeX/fonts/type1/public/cm-super/sfbx1095.pfb><D:/Program Files (x86)/Ctex/MiKTeX/fonts/type1/public/cm-super/sfbx1200.pfb><D:/Program Files (x86)/Ctex/MiKTeX/fonts/type1/public/cm-super/sfbx1728.pfb><D:/Program Files (x86)/Ctex/MiKTeX/fonts/type1/public/cm-super/sfcc1200.pfb><D:/Program Files (x86)/Ctex/MiKTeX/fonts/type1/public/cm-super/sfrm1000.pfb><D:/Program Files (x86)/Ctex/MiKTeX/fonts/type1/public/cm-super/sfrm1095.pfb><D:/Program Files (x86)/Ctex/MiKTeX/fonts/type1/public/cm-super/sfrm1200.pfb><D:/Program Files (x86)/Ctex/MiKTeX/fonts/type1/public/cm-super/sfrm1440.pfb><D:/Program Files (x86)/Ctex/MiKTeX/fonts/type1/public/cm-super/sfrm2074.pfb><D:/Program Files (x86)/Ctex/MiKTeX/fonts/type1/public/cm-super/sfti1200.pfb><D:/Program Files (x86)/Ctex/MiKTeX/fonts/type1/public/cm-super/sftt1095.pfb><D:/Program Files (x86)/Ctex/MiKTeX/fonts/type1/public/cm-super/sftt1200.pfb>
Output written on template.pdf (3 pages, 755240 bytes).
PDF statistics:
 461 PDF objects out of 1000 (max. 8388607)
 0 named destinations out of 1000 (max. 500000)
 1 words of extra memory for PDF output out of 10000 (max. 10000000)

